2024-11-11 22:59:39,874	INFO utils.py:120 -- Get all modules by type: DashboardHeadModule
2024-11-11 22:59:40,056	INFO utils.py:131 -- Module ray.dashboard.modules.actor.actor_head cannot be loaded because we cannot import all dependencies. Install this module using `pip install 'ray[default]'` for the full dashboard functionality. Error: No module named 'aiohttp_cors'
2024-11-11 22:59:40,137	INFO utils.py:131 -- Module ray.dashboard.modules.data.data_head cannot be loaded because we cannot import all dependencies. Install this module using `pip install 'ray[default]'` for the full dashboard functionality. Error: No module named 'aiohttp_cors'
2024-11-11 22:59:40,208	INFO utils.py:131 -- Module ray.dashboard.modules.event.event_head cannot be loaded because we cannot import all dependencies. Install this module using `pip install 'ray[default]'` for the full dashboard functionality. Error: No module named 'aiohttp_cors'
2024-11-11 22:59:40,211	INFO utils.py:131 -- Module ray.dashboard.modules.healthz.healthz_agent cannot be loaded because we cannot import all dependencies. Install this module using `pip install 'ray[default]'` for the full dashboard functionality. Error: No module named 'aiohttp_cors'
2024-11-11 22:59:40,212	INFO utils.py:131 -- Module ray.dashboard.modules.healthz.healthz_head cannot be loaded because we cannot import all dependencies. Install this module using `pip install 'ray[default]'` for the full dashboard functionality. Error: No module named 'aiohttp_cors'
2024-11-11 22:59:40,290	INFO utils.py:131 -- Module ray.dashboard.modules.job.job_agent cannot be loaded because we cannot import all dependencies. Install this module using `pip install 'ray[default]'` for the full dashboard functionality. Error: No module named 'aiohttp_cors'
2024-11-11 22:59:40,292	INFO utils.py:131 -- Module ray.dashboard.modules.job.job_head cannot be loaded because we cannot import all dependencies. Install this module using `pip install 'ray[default]'` for the full dashboard functionality. Error: No module named 'aiohttp_cors'
2024-11-11 22:59:40,299	INFO utils.py:131 -- Module ray.dashboard.modules.log.log_agent cannot be loaded because we cannot import all dependencies. Install this module using `pip install 'ray[default]'` for the full dashboard functionality. Error: No module named 'aiohttp_cors'
2024-11-11 22:59:40,643	INFO utils.py:131 -- Module ray.dashboard.modules.metrics.metrics_head cannot be loaded because we cannot import all dependencies. Install this module using `pip install 'ray[default]'` for the full dashboard functionality. Error: No module named 'aiohttp_cors'
2024-11-11 22:59:40,647	INFO utils.py:131 -- Module ray.dashboard.modules.node.node_head cannot be loaded because we cannot import all dependencies. Install this module using `pip install 'ray[default]'` for the full dashboard functionality. Error: No module named 'aiohttp_cors'
2024-11-11 22:59:40,653	INFO utils.py:131 -- Module ray.dashboard.modules.reporter.reporter_agent cannot be loaded because we cannot import all dependencies. Install this module using `pip install 'ray[default]'` for the full dashboard functionality. Error: No module named 'opencensus'
2024-11-11 22:59:40,656	INFO utils.py:131 -- Module ray.dashboard.modules.reporter.reporter_head cannot be loaded because we cannot import all dependencies. Install this module using `pip install 'ray[default]'` for the full dashboard functionality. Error: No module named 'aiohttp_cors'
2024-11-11 22:59:40,659	INFO utils.py:131 -- Module ray.dashboard.modules.serve.serve_agent cannot be loaded because we cannot import all dependencies. Install this module using `pip install 'ray[default]'` for the full dashboard functionality. Error: No module named 'aiohttp_cors'
2024-11-11 22:59:40,660	INFO utils.py:131 -- Module ray.dashboard.modules.serve.serve_head cannot be loaded because we cannot import all dependencies. Install this module using `pip install 'ray[default]'` for the full dashboard functionality. Error: No module named 'aiohttp_cors'
2024-11-11 22:59:40,661	INFO utils.py:131 -- Module ray.dashboard.modules.serve.serve_rest_api_impl cannot be loaded because we cannot import all dependencies. Install this module using `pip install 'ray[default]'` for the full dashboard functionality. Error: No module named 'aiohttp_cors'
2024-11-11 22:59:40,664	INFO utils.py:131 -- Module ray.dashboard.modules.snapshot.snapshot_head cannot be loaded because we cannot import all dependencies. Install this module using `pip install 'ray[default]'` for the full dashboard functionality. Error: No module named 'aiohttp_cors'
2024-11-11 22:59:40,667	INFO utils.py:131 -- Module ray.dashboard.modules.state.state_head cannot be loaded because we cannot import all dependencies. Install this module using `pip install 'ray[default]'` for the full dashboard functionality. Error: No module named 'aiohttp_cors'
2024-11-11 22:59:40,669	INFO utils.py:131 -- Module ray.dashboard.modules.train.train_head cannot be loaded because we cannot import all dependencies. Install this module using `pip install 'ray[default]'` for the full dashboard functionality. Error: No module named 'aiohttp_cors'
2024-11-11 22:59:40,673	INFO utils.py:153 -- Available modules: [<class 'ray.dashboard.modules.usage_stats.usage_stats_head.UsageStatsHead'>]
2024-11-11 22:59:40,674	INFO head.py:189 -- Modules to load: {'UsageStatsHead'}
2024-11-11 22:59:40,674	INFO head.py:192 -- Loading DashboardHeadModule: <class 'ray.dashboard.modules.usage_stats.usage_stats_head.UsageStatsHead'>
2024-11-11 22:59:40,674	INFO head.py:206 -- Loaded 1 modules. [<ray.dashboard.modules.usage_stats.usage_stats_head.UsageStatsHead object at 0x7f02b850ac80>]
2024-11-11 22:59:40,674	INFO head.py:301 -- http server disabled.
2024-11-11 22:59:40,678	INFO usage_stats_head.py:200 -- Usage reporting is disabled.
