[2024-11-19 14:56:25,617 I 25836 25836] (gcs_server) gcs_server_main.cc:52: Ray cluster metadata ray_version=2.38.0 ray_commit=385ee466260ef3cd218d5e372aef5d39338b7b94
[2024-11-19 14:56:25,618 I 25836 25836] (gcs_server) io_service_pool.cc:35: IOServicePool is running with 1 io_service.
[2024-11-19 14:56:25,632 I 25836 25836] (gcs_server) event.cc:491: Ray Event initialized for GCS
[2024-11-19 14:56:25,634 I 25836 25836] (gcs_server) event.cc:491: Ray Event initialized for EXPORT_NODE
[2024-11-19 14:56:25,634 I 25836 25836] (gcs_server) event.cc:491: Ray Event initialized for EXPORT_ACTOR
[2024-11-19 14:56:25,634 I 25836 25836] (gcs_server) event.cc:491: Ray Event initialized for EXPORT_DRIVER_JOB
[2024-11-19 14:56:25,634 I 25836 25836] (gcs_server) event.cc:322: Set ray event level to warning
[2024-11-19 14:56:25,637 I 25836 25836] (gcs_server) gcs_server.cc:76: GCS storage type is StorageType::IN_MEMORY
[2024-11-19 14:56:25,641 I 25836 25836] (gcs_server) gcs_init_data.cc:42: Loading job table data.
[2024-11-19 14:56:25,641 I 25836 25836] (gcs_server) gcs_init_data.cc:54: Loading node table data.
[2024-11-19 14:56:25,641 I 25836 25836] (gcs_server) gcs_init_data.cc:80: Loading actor table data.
[2024-11-19 14:56:25,641 I 25836 25836] (gcs_server) gcs_init_data.cc:93: Loading actor task spec table data.
[2024-11-19 14:56:25,641 I 25836 25836] (gcs_server) gcs_init_data.cc:66: Loading placement group table data.
[2024-11-19 14:56:25,642 I 25836 25836] (gcs_server) gcs_init_data.cc:46: Finished loading job table data, size = 0
[2024-11-19 14:56:25,642 I 25836 25836] (gcs_server) gcs_init_data.cc:58: Finished loading node table data, size = 0
[2024-11-19 14:56:25,642 I 25836 25836] (gcs_server) gcs_init_data.cc:84: Finished loading actor table data, size = 0
[2024-11-19 14:56:25,642 I 25836 25836] (gcs_server) gcs_init_data.cc:97: Finished loading actor task spec table data, size = 0
[2024-11-19 14:56:25,642 I 25836 25836] (gcs_server) gcs_init_data.cc:71: Finished loading placement group table data, size = 0
[2024-11-19 14:56:25,642 I 25836 25836] (gcs_server) gcs_server.cc:164: No existing server cluster ID found. Generating new ID: b61b2db0bfa5b47e814babf2867d0de06e17c3f04875b41667fd3c3b
[2024-11-19 14:56:25,645 I 25836 25836] (gcs_server) gcs_server.cc:645: Autoscaler V2 enabled: 0
[2024-11-19 14:56:25,649 I 25836 25836] (gcs_server) grpc_server.cc:134: GcsServer server started, listening on port 56309.
[2024-11-19 14:56:25,679 I 25836 25836] (gcs_server) gcs_server.cc:247: Gcs Debug state:

GcsNodeManager: 
- RegisterNode request count: 0
- DrainNode request count: 0
- GetAllNodeInfo request count: 0

GcsActorManager: 
- RegisterActor request count: 0
- CreateActor request count: 0
- GetActorInfo request count: 0
- GetNamedActorInfo request count: 0
- GetAllActorInfo request count: 0
- KillActor request count: 0
- ListNamedActors request count: 0
- Registered actors count: 0
- Destroyed actors count: 0
- Named actors count: 0
- Unresolved actors count: 0
- Pending actors count: 0
- Created actors count: 0
- owners_: 0
- actor_to_register_callbacks_: 0
- actor_to_restart_callbacks_: 0
- actor_to_create_callbacks_: 0
- sorted_destroyed_actor_list_: 0

GcsResourceManager: 
- GetAllAvailableResources request count: 0
- GetAllTotalResources request count: 0
- GetAllResourceUsage request count: 0

GcsPlacementGroupManager: 
- CreatePlacementGroup request count: 0
- RemovePlacementGroup request count: 0
- GetPlacementGroup request count: 0
- GetAllPlacementGroup request count: 0
- WaitPlacementGroupUntilReady request count: 0
- GetNamedPlacementGroup request count: 0
- Scheduling pending placement group count: 0
- Registered placement groups count: 0
- Named placement group count: 0
- Pending placement groups count: 0
- Infeasible placement groups count: 0

Publisher:

[runtime env manager] ID to URIs table:
[runtime env manager] URIs reference table:

GcsTaskManager: 
-Total num task events reported: 0
-Total num status task events dropped: 0
-Total num profile events dropped: 0
-Current num of task events stored: 0
-Total num of actor creation tasks: 0
-Total num of actor tasks: 0
-Total num of normal tasks: 0
-Total num of driver tasks: 0


[2024-11-19 14:56:25,679 I 25836 25836] (gcs_server) gcs_server.cc:843: main_service_ Event stats:


Global stats: 21 total (4 active)
Queueing time: mean = 14.843 ms, max = 36.216 ms, min = 1.233 us, total = 311.710 ms
Execution time:  mean = 1.802 ms, total = 37.851 ms
Event stats:
	GcsInMemoryStore.Put - 9 total (0 active), Execution time: mean = 4.141 ms, total = 37.270 ms, Queueing time: mean = 26.416 ms, max = 34.141 ms, min = 1.233 us, total = 237.742 ms
	GcsInMemoryStore.GetAll - 5 total (0 active), Execution time: mean = 112.253 us, total = 561.266 us, Queueing time: mean = 454.963 us, max = 560.212 us, min = 45.154 us, total = 2.275 ms
	PeriodicalRunner.RunFnPeriodically - 4 total (2 active, 1 running), Execution time: mean = 2.392 us, total = 9.568 us, Queueing time: mean = 17.923 ms, max = 36.216 ms, min = 35.475 ms, total = 71.690 ms
	ClusterResourceManager.ResetRemoteNodeView - 1 total (1 active), Execution time: mean = 0.000 s, total = 0.000 s, Queueing time: mean = 0.000 s, max = -0.000 s, min = 9223372036.855 s, total = 0.000 s
	RayletLoadPulled - 1 total (1 active), Execution time: mean = 0.000 s, total = 0.000 s, Queueing time: mean = 0.000 s, max = -0.000 s, min = 9223372036.855 s, total = 0.000 s
	GcsInMemoryStore.Get - 1 total (0 active), Execution time: mean = 10.179 us, total = 10.179 us, Queueing time: mean = 2.855 us, max = 2.855 us, min = 2.855 us, total = 2.855 us


[2024-11-19 14:56:25,679 I 25836 25836] (gcs_server) gcs_server.cc:845: pubsub_io_context_ Event stats:


Global stats: 2 total (1 active)
Queueing time: mean = 15.732 us, max = 31.464 us, min = 31.464 us, total = 31.464 us
Execution time:  mean = 51.271 us, total = 102.542 us
Event stats:
	PeriodicalRunner.RunFnPeriodically - 1 total (0 active), Execution time: mean = 102.542 us, total = 102.542 us, Queueing time: mean = 31.464 us, max = 31.464 us, min = 31.464 us, total = 31.464 us
	Publisher.CheckDeadSubscribers - 1 total (1 active), Execution time: mean = 0.000 s, total = 0.000 s, Queueing time: mean = 0.000 s, max = -0.000 s, min = 9223372036.855 s, total = 0.000 s


[2024-11-19 14:56:25,679 I 25836 25836] (gcs_server) gcs_server.cc:847: task_io_context_ Event stats:


Global stats: 2 total (1 active)
Queueing time: mean = 20.006 us, max = 40.011 us, min = 40.011 us, total = 40.011 us
Execution time:  mean = 14.643 us, total = 29.285 us
Event stats:
	PeriodicalRunner.RunFnPeriodically - 1 total (0 active), Execution time: mean = 29.285 us, total = 29.285 us, Queueing time: mean = 40.011 us, max = 40.011 us, min = 40.011 us, total = 40.011 us
	GcsTaskManager.GcJobSummary - 1 total (1 active), Execution time: mean = 0.000 s, total = 0.000 s, Queueing time: mean = 0.000 s, max = -0.000 s, min = 9223372036.855 s, total = 0.000 s


[2024-11-19 14:56:25,679 I 25836 25836] (gcs_server) gcs_server.cc:849: ray_syncer_io_context_ Event stats:


Global stats: 2 total (0 active)
Queueing time: mean = 58.797 us, max = 69.116 us, min = 48.478 us, total = 117.594 us
Execution time:  mean = 636.500 ns, total = 1.273 us
Event stats:
	RaySyncerRegister - 2 total (0 active), Execution time: mean = 636.500 ns, total = 1.273 us, Queueing time: mean = 58.797 us, max = 69.116 us, min = 48.478 us, total = 117.594 us


